ziua,data,siloz,greutate,hala,buncar
13/10/2018,10:02,2,2072,11,2
13/10/2018,10:29,2,2072,3,1
13/10/2018,10:59,0,0,3,2
13/10/2018,11:07,2,1077,3,2
13/10/2018,11:23,3,1077,9,2
15/10/2018,07:57,6,3054,5,1
15/10/2018,08:20,2,3862,3,1
15/10/2018,08:43,2,3862,3,2
15/10/2018,09:12,1,3888,9,3
15/10/2018,09:36,1,3888,9,2
15/10/2018,10:01,1,3849,9,1
15/10/2018,10:23,1,2621,9,4
15/10/2018,10:48,1,3832,7,1
15/10/2018,11:05,1,3832,7,2
15/10/2018,11:24,2,3065,11,1
15/10/2018,11:42,2,3065,11,2
15/10/2018,11:56,6,2073,6,2
15/10/2018,12:09,6,2017,6,1
15/10/2018,13:26,6,2028,4,1
15/10/2018,13:42,6,2028,5,1
15/10/2018,14:15,2,3859,3,1
15/10/2018,14:51,2,1989,3,2
16/10/2018,07:20,1,1989,9,4
16/10/2018,08:47,0,2117,9,3
16/10/2018,09:03,1,2117,9,2
16/10/2018,09:21,1,2046,9,1
16/10/2018,09:49,6,2046,5,1
16/10/2018,10:10,6,1932,5,2
16/10/2018,10:37,1,1932,7,1
16/10/2018,11:06,1,1866,7,1
17/10/2018,07:29,2,1866,3,1
17/10/2018,07:54,2,2087,11,3
17/10/2018,08:05,6,2030,11,3
17/10/2018,08:27,6,2023,11,4
17/10/2018,09:15,3,2023,7,2
17/10/2018,09:37,2,3886,11,1
17/10/2018,10:02,2,3886,11,2
17/10/2018,11:12,2,2088,3,2
17/10/2018,12:17,2,2961,3,1
17/10/2018,13:55,6,1964,4,1
17/10/2018,15:11,1,2122,7,1
18/10/2018,07:34,1,3988,9,1
18/10/2018,07:56,1,3988,9,2
18/10/2018,08:24,1,3979,9,4
18/10/2018,08:45,2,3979,3,1
18/10/2018,09:05,2,3075,3,2
18/10/2018,09:55,6,3075,10,1
18/10/2018,10:19,6,1921,5,1
18/10/2018,10:48,1,2965,9,3
18/10/2018,11:12,1,2153,7,2
18/10/2018,11:32,2,2153,11,2
18/10/2018,11:50,1,2160,9,1
18/10/2018,12:10,1,2150,9,2
18/10/2018,12:26,1,2150,9,4
18/10/2018,12:46,2,1981,3,1
18/10/2018,14:28,2,1968,3,2
18/10/2018,15:30,2,1853,11,1
18/10/2018,15:50,6,1959,11,4
19/10/2018,07:54,2,7,11,3
19/10/2018,08:07,6,1965,5,1
19/10/2018,08:27,6,1970,5,2
19/10/2018,08:43,6,1970,6,2
19/10/2018,09:37,6,1971,6,1
19/10/2018,09:53,1,2125,7,2
20/10/2018,11:37,1,2107,7,2
24/10/2018,12:35,6,1982,6,1
24/10/2018,12:51,6,1981,6,1
27/10/2018,08:10,3,3880,3,1
27/10/2018,09:18,2,3880,3,2
27/10/2018,09:45,1,2207,9,1
27/10/2018,09:59,3,2066,9,2
27/10/2018,10:16,3,2090,9,3
27/10/2018,10:36,3,2090,9,4
27/10/2018,10:55,6,1978,6,1
27/10/2018,11:10,2,2084,11,1
27/10/2018,11:25,2,2076,11,2
27/10/2018,11:39,2,2075,3,2
27/10/2018,11:56,3,2075,3,1
29/10/2018,09:42,3,3961,3,1
29/10/2018,10:09,2,2074,3,1
29/10/2018,10:21,3,2073,3,1
29/10/2018,10:48,5,3989,1,1
29/10/2018,11:14,3,3981,9,3
29/10/2018,11:41,3,3968,9,4
29/10/2018,12:07,3,3961,9,1
29/10/2018,12:59,3,2063,9,1
29/10/2018,13:13,3,2060,9,1
29/10/2018,13:28,3,2070,9,1
29/10/2018,13:48,6,3932,5,2
29/10/2018,14:46,6,2005,5,2
29/10/2018,15:06,2,2005,11,1
29/10/2018,15:19,6,2017,5,1
29/10/2018,15:43,2,2017,11,3
29/10/2018,16:00,2,2070,11,3
29/10/2018,16:30,6,2018,10,3
30/10/2018,08:58,3,2081,3,2
30/10/2018,09:18,3,2064,3,2
30/10/2018,09:47,3,2064,9,3
30/10/2018,10:12,3,2068,9,4
30/10/2018,10:33,3,3947,9,4
30/10/2018,11:02,3,3947,3,1
30/10/2018,11:24,3,2055,3,1
30/10/2018,11:49,6,2055,10,1
30/10/2018,12:09,3,2052,3,1
30/10/2018,12:27,2,2087,11,4
30/10/2018,12:44,2,2087,11,4
30/10/2018,13:28,2,2076,11,4
30/10/2018,13:43,5,2074,1,1
30/10/2018,14:47,2,3983,11,4
30/10/2018,15:42,3,2092,9,2
30/10/2018,15:44,3,7,9,2
30/10/2018,16:18,4,24,2,1
30/10/2018,16:36,4,24,2,1
31/10/2018,09:23,3,2060,3,1
31/10/2018,09:39,3,2060,3,1
31/10/2018,10:03,3,2048,3,1
31/10/2018,10:34,3,2048,3,1
31/10/2018,10:51,2,2046,9,1
31/10/2018,11:04,3,2066,3,1
31/10/2018,11:23,4,3950,8,2
31/10/2018,12:13,6,2019,5,1
31/10/2018,12:25,6,2019,6,2
31/10/2018,12:39,6,2019,6,2
31/10/2018,12:58,5,3968,1,1
31/10/2018,13:26,4,2058,2,2
31/10/2018,13:48,3,2069,3,2
31/10/2018,14:09,1,2169,9,1
31/10/2018,14:25,1,2169,9,1
31/10/2018,14:46,1,2174,9,4
31/10/2018,15:15,6,2022,10,5
31/10/2018,15:27,2,1997,10,5
31/10/2018,15:59,6,1910,10,6
31/10/2018,16:40,2,2086,11,2
01/11/2018,08:54,1,2181,3,1
01/11/2018,09:12,1,2181,3,1
01/11/2018,09:42,1,2176,3,1
01/11/2018,10:09,6,2024,5,2
01/11/2018,10:21,6,2020,5,2
01/11/2018,10:42,1,2175,3,1
01/11/2018,10:58,6,2019,5,1
01/11/2018,11:17,6,2032,5,1
01/11/2018,11:49,1,2032,9,2
01/11/2018,12:09,1,2176,9,3
01/11/2018,12:35,1,2176,9,3
01/11/2018,13:21,1,2179,9,3
01/11/2018,13:49,4,3959,8,2
01/11/2018,14:57,2,2087,11,1
01/11/2018,15:19,2,2087,11,1
01/11/2018,15:37,2,2087,11,1
02/11/2018,08:54,1,2167,3,1
02/11/2018,09:20,1,2139,3,1
02/11/2018,09:51,6,2025,10,1
02/11/2018,10:11,2,2025,10,5
02/11/2018,10:38,5,2102,1,1
02/11/2018,11:02,2,2089,10,6
02/11/2018,11:21,6,2040,10,6
02/11/2018,11:43,4,2068,2,2
02/11/2018,12:15,4,2056,8,2
02/11/2018,12:38,4,2057,8,2
02/11/2018,13:10,1,3157,3,1
02/11/2018,13:34,1,2180,9,3
02/11/2018,13:55,1,2180,9,4
02/11/2018,14:42,1,2138,9,4
02/11/2018,15:45,2,2138,11,4
02/11/2018,16:02,1,2081,10,4
03/11/2018,08:53,1,2129,3,2
03/11/2018,09:18,1,2132,3,2
03/11/2018,09:39,1,2132,3,2
03/11/2018,09:58,1,2145,3,2
04/11/2018,08:10,1,2134,3,1
04/11/2018,08:11,1,74,3,1
04/11/2018,08:27,1,3946,3,1
04/11/2018,08:50,1,2170,9,2
04/11/2018,09:06,2,2072,11,3
04/11/2018,09:39,3,3959,3,2
04/11/2018,10:02,3,3959,9,3
04/11/2018,10:22,3,2060,9,1
04/11/2018,10:39,2,1065,11,2
05/11/2018,09:14,2,0,11,2
05/11/2018,09:38,2,2074,11,1
05/11/2018,10:00,3,3954,3,2
05/11/2018,10:33,2,2081,10,6
05/11/2018,10:56,3,2066,9,3
05/11/2018,11:14,3,2061,9,4
05/11/2018,11:37,3,3960,3,1
05/11/2018,12:36,2,3960,11,3
05/11/2018,12:49,2,2070,11,4
05/11/2018,13:05,2,2088,11,2
05/11/2018,14:54,3,2030,9,2
05/11/2018,15:38,4,2045,8,2
05/11/2018,16:02,4,2042,2,2
05/11/2018,16:31,4,2030,2,1
06/11/2018,08:54,3,2064,3,1
06/11/2018,09:10,3,2064,3,1
06/11/2018,09:41,3,2070,3,1
06/11/2018,09:59,3,1934,3,1
06/11/2018,10:21,5,2101,1,1
06/11/2018,10:50,6,2021,10,2
06/11/2018,11:19,6,2027,10,2
06/11/2018,11:32,6,2023,10,2
06/11/2018,11:50,6,2022,10,2
06/11/2018,12:10,6,2021,10,2
06/11/2018,12:39,6,2030,10,4
06/11/2018,12:59,2,2103,10,5
06/11/2018,13:20,5,2078,1,1
06/11/2018,14:00,2,2083,10,6
06/11/2018,14:39,2,2084,11,4
06/11/2018,15:09,2,2084,11,3
06/11/2018,15:23,2,2084,11,1
06/11/2018,15:39,3,2080,3,2
06/11/2018,15:57,3,2073,3,1
06/11/2018,16:11,2,2078,11,2
07/11/2018,09:06,3,3960,3,1
07/11/2018,09:54,3,3960,3,2
07/11/2018,10:42,3,4004,9,3
07/11/2018,11:49,3,2076,9,4
07/11/2018,12:07,2,2082,10,5
07/11/2018,12:31,3,2058,3,1
08/11/2018,09:48,4,2058,8,2
08/11/2018,10:12,3,2085,3,2
08/11/2018,10:36,3,2071,3,2
08/11/2018,10:55,3,2061,3,2
08/11/2018,11:20,3,2071,3,2
08/11/2018,11:45,2,974,11,1
08/11/2018,11:50,2,2086,11,1
08/11/2018,12:26,2,2086,11,3
08/11/2018,13:01,2,2061,11,4
08/11/2018,13:20,2,2061,11,4
08/11/2018,13:50,2,2080,11,4
08/11/2018,15:24,4,2032,8,2
08/11/2018,16:06,3,2052,3,1
08/11/2018,16:22,3,2052,3,1
08/11/2018,16:37,6,2050,6,1
09/11/2018,08:54,6,2029,6,2
09/11/2018,09:15,4,2050,2,1
09/11/2018,09:54,2,2096,10,6
09/11/2018,10:21,1,2166,3,1
09/11/2018,10:39,1,2166,3,2
09/11/2018,11:00,1,4104,3,2
09/11/2018,11:31,6,4106,10,1
09/11/2018,12:11,1,4085,9,4
09/11/2018,12:46,1,4085,9,3
09/11/2018,13:55,0,2079,6,2
09/11/2018,14:11,5,0,1,1
09/11/2018,14:41,2,3991,11,1
09/11/2018,15:22,4,3950,8,2
09/11/2018,15:54,2,2065,11,2
09/11/2018,16:06,4,2046,2,2
09/11/2018,16:22,4,2046,2,1
09/11/2018,16:41,1,2124,3,2
10/11/2018,09:29,0,808,6,2
10/11/2018,09:29,0,77,6,2
10/11/2018,09:37,6,77,6,2
10/11/2018,09:37,6,1221,6,2
10/11/2018,10:43,2,3086,11,3
10/11/2018,11:01,2,3084,11,4
10/11/2018,11:01,2,3098,11,4
10/11/2018,11:01,2,3098,11,4
10/11/2018,11:32,3,3849,3,1
10/11/2018,11:57,3,3849,3,2
10/11/2018,12:24,3,2075,9,3
10/11/2018,12:44,3,2083,9,4
12/11/2018,09:23,1,4065,3,1
12/11/2018,09:57,1,4063,3,2
12/11/2018,10:28,0,2094,10,2
12/11/2018,10:56,1,1127,9,3
12/11/2018,10:57,1,1127,9,3
12/11/2018,11:07,1,3045,9,3
12/11/2018,11:30,1,2122,9,4
12/11/2018,11:50,6,2026,10,2
12/11/2018,12:07,6,2014,10,3
12/11/2018,12:24,2,2014,11,1
12/11/2018,12:37,2,2087,11,2
12/11/2018,12:50,2,2074,10,5
12/11/2018,13:29,2,2074,10,6
12/11/2018,13:43,2,2069,10,6
12/11/2018,14:00,1,2131,3,1
12/11/2018,14:15,1,2122,3,2
12/11/2018,14:34,2,2067,10,6
12/11/2018,14:54,6,2015,10,4
12/11/2018,15:14,6,2024,6,1
12/11/2018,15:31,4,2045,2,2
12/11/2018,15:51,4,2033,2,1
12/11/2018,16:07,4,2033,8,2
12/11/2018,16:27,5,2090,1,1
13/11/2018,08:55,6,2030,4,1
13/11/2018,09:21,3,2030,3,1
13/11/2018,09:46,3,3956,3,2
13/11/2018,11:11,3,2146,9,3
13/11/2018,11:30,2,2082,11,1
13/11/2018,11:53,2,2090,11,3
13/11/2018,12:08,2,2092,11,2
13/11/2018,12:28,2,2087,11,1
13/11/2018,12:40,3,1955,11,1
13/11/2018,13:00,3,1955,3,2
13/11/2018,14:15,2,2078,10,5
13/11/2018,14:55,6,1866,6,2
13/11/2018,15:11,5,2101,1,1
14/11/2018,08:58,3,2066,3,1
14/11/2018,09:23,3,2058,3,1
14/11/2018,09:55,2,2070,10,6
14/11/2018,10:21,6,2024,7,1
14/11/2018,11:01,2,0,7,1
14/11/2018,11:26,3,2076,9,4
14/11/2018,11:43,6,2058,10,2
14/11/2018,12:01,3,2029,3,2
14/11/2018,12:25,2,2060,11,2
14/11/2018,12:41,3,2068,3,1
14/11/2018,12:56,6,2057,7,1
14/11/2018,13:08,2,2068,7,1
14/11/2018,13:31,6,2068,7,2
14/11/2018,13:44,2,2079,7,2
14/11/2018,14:39,2,2061,11,3
14/11/2018,15:00,3,2064,9,3
14/11/2018,16:00,6,2028,6,1
15/11/2018,09:09,1,2158,3,1
15/11/2018,09:30,1,2173,3,2
15/11/2018,09:59,2,2068,11,4
15/11/2018,10:17,1,2140,11,1
15/11/2018,10:33,6,2020,4,1
15/11/2018,10:52,1,2145,9,4
15/11/2018,11:19,1,2145,3,1
15/11/2018,11:39,4,2139,2,2
15/11/2018,12:26,1,2133,3,2
15/11/2018,13:14,4,3957,8,2
15/11/2018,14:21,5,3995,1,1
15/11/2018,15:08,4,3948,2,1
15/11/2018,16:14,2,0,11,2
16/11/2018,09:03,2,2065,11,3
16/11/2018,09:22,2,2075,11,3
16/11/2018,10:00,1,2075,11,1
16/11/2018,10:17,1,4050,3,1
16/11/2018,10:44,2,3997,7,1
16/11/2018,11:09,2,3997,7,2
16/11/2018,11:29,6,2025,4,1
16/11/2018,11:56,6,2025,6,2
16/11/2018,12:22,1,2038,3,2
16/11/2018,13:00,6,2040,10,3
16/11/2018,13:29,1,2144,9,4
16/11/2018,13:52,4,3985,8,2
16/11/2018,14:27,2,2078,11,3
16/11/2018,14:52,2,2077,11,3
16/11/2018,15:10,4,2077,2,2
16/11/2018,15:33,4,2057,2,2
17/11/2018,09:10,1,2129,3,2
17/11/2018,09:28,1,2129,3,1
17/11/2018,09:52,1,2130,3,1
17/11/2018,10:09,6,2130,10,1
17/11/2018,10:31,1,2124,3,1
17/11/2018,10:48,1,2124,3,2
17/11/2018,11:10,3,2056,3,2
17/11/2018,11:31,2,2068,10,5
17/11/2018,11:56,2,2052,11,2
17/11/2018,12:18,1,2142,11,1
17/11/2018,12:36,2,2051,11,3
19/11/2018,09:23,1,4031,3,2
19/11/2018,09:48,1,4025,3,2
19/11/2018,10:31,1,4025,9,4
19/11/2018,13:15,1,2159,9,4
19/11/2018,13:34,2,2159,11,4
19/11/2018,13:51,2,2072,11,4
19/11/2018,14:08,2,2053,11,2
19/11/2018,14:30,2,2053,11,2
19/11/2018,15:03,2,2072,11,2
19/11/2018,15:21,6,2038,10,2
19/11/2018,15:45,6,2043,10,2
19/11/2018,16:10,6,2037,10,2
20/11/2018,09:42,1,0,3,1
20/11/2018,09:58,1,2151,3,1
20/11/2018,10:22,2,3959,7,1
20/11/2018,10:47,1,2127,3,1
20/11/2018,11:13,1,2126,3,2
20/11/2018,11:34,4,2126,2,2
20/11/2018,11:55,6,2025,10,1
20/11/2018,12:20,2,2025,10,5
20/11/2018,12:38,1,2123,3,1
20/11/2018,13:32,4,2039,2,1
20/11/2018,13:52,4,2041,2,1
20/11/2018,14:15,5,2041,1,1
20/11/2018,16:00,1,2122,11,1
20/11/2018,16:00,1,2124,11,1
20/11/2018,16:18,2,2080,11,2
20/11/2018,16:33,2,2079,7,2
21/11/2018,08:50,2,2092,10,5
21/11/2018,09:30,2,2069,10,5
21/11/2018,10:01,1,2069,9,4
21/11/2018,10:30,1,2109,9,4
21/11/2018,11:05,2,2055,11,4
21/11/2018,11:25,2,2069,11,4
21/11/2018,11:49,2,2069,11,4
21/11/2018,12:22,2,3973,7,1
21/11/2018,12:59,3,3973,3,1
21/11/2018,13:27,3,2053,3,1
21/11/2018,14:36,6,2020,10,3
21/11/2018,15:17,3,2020,3,1
21/11/2018,15:58,4,4016,2,1
21/11/2018,16:20,5,2060,1,1
22/11/2018,09:46,6,2061,10,2
22/11/2018,10:07,4,2045,2,2
22/11/2018,11:26,2,2081,10,5
22/11/2018,11:50,1,4034,3,1
22/11/2018,12:13,1,4043,3,2
22/11/2018,12:41,1,2136,9,4
22/11/2018,13:06,2,2136,10,6
22/11/2018,13:26,6,2021,4,1
22/11/2018,13:45,4,2045,2,1
22/11/2018,14:34,2,2060,11,2
22/11/2018,14:49,1,2060,11,1
22/11/2018,15:39,4,2054,8,2
22/11/2018,16:06,1,2130,3,1
23/11/2018,09:18,3,2130,3,2
23/11/2018,10:25,2,3978,11,4
23/11/2018,10:47,2,2070,11,3
23/11/2018,11:13,2,2070,11,3
23/11/2018,11:38,2,2067,10,6
23/11/2018,12:04,2,2067,7,1
23/11/2018,12:25,5,2098,1,1
23/11/2018,12:54,3,2098,3,1
23/11/2018,13:15,6,2116,10,4
23/11/2018,13:36,6,2056,4,1
23/11/2018,13:58,4,2056,2,2
23/11/2018,15:09,4,2056,2,2
23/11/2018,15:38,3,2116,11,1
23/11/2018,15:56,4,2051,8,2
23/11/2018,16:23,2,2062,11,4
24/11/2018,08:55,6,2056,10,1
24/11/2018,09:16,2,2089,10,5
24/11/2018,10:03,3,2089,11,2
24/11/2018,10:22,3,4023,3,1
24/11/2018,10:47,3,2155,3,2
24/11/2018,11:09,3,2165,3,2
24/11/2018,11:50,2,2089,10,5
24/11/2018,12:07,6,2089,10,3
24/11/2018,12:23,2,2076,10,6
24/11/2018,12:41,6,1957,10,6
26/11/2018,09:18,1,4065,3,1
26/11/2018,09:40,1,4020,3,2
26/11/2018,10:08,1,4016,11,1
26/11/2018,10:31,1,4016,11,2
26/11/2018,10:46,2,2125,7,2
26/11/2018,11:14,2,2084,7,2
26/11/2018,11:36,2,2071,11,3
26/11/2018,12:02,2,2056,7,1
26/11/2018,12:18,2,2057,7,1
26/11/2018,12:35,2,2063,7,1
26/11/2018,13:01,1,2063,3,1
26/11/2018,13:17,1,2116,3,1
26/11/2018,13:40,6,2116,4,1
26/11/2018,13:58,4,2029,2,1
26/11/2018,15:01,4,2059,2,1
26/11/2018,15:25,4,2053,2,1
26/11/2018,15:55,5,2073,1,1
26/11/2018,15:57,5,6,1,1
27/11/2018,09:04,0,1918,3,1
27/11/2018,09:19,3,1918,3,1
27/11/2018,09:56,3,2130,3,1
27/11/2018,10:14,2,2062,9,1
27/11/2018,10:21,6,1043,9,1
27/11/2018,11:16,2,1043,7,1
27/11/2018,12:23,3,1132,9,4
27/11/2018,12:46,3,2119,11,2
27/11/2018,12:59,6,2035,10,2
27/11/2018,13:24,2,2058,10,6
27/11/2018,14:15,2,2061,10,6
27/11/2018,14:47,2,2061,7,1
27/11/2018,15:13,2,2074,7,1
27/11/2018,15:28,1,2119,11,1
27/11/2018,15:45,4,2049,2,2
27/11/2018,16:26,5,2074,1,1
28/11/2018,09:18,6,2056,10,1
28/11/2018,09:39,1,4063,10,1
28/11/2018,10:04,1,4063,3,1
28/11/2018,10:40,3,2141,3,2
28/11/2018,11:01,6,2051,10,3
28/11/2018,11:22,6,2051,10,3
28/11/2018,11:55,6,2051,10,3
28/11/2018,12:17,3,2148,3,2
28/11/2018,12:43,4,2148,8,2
28/11/2018,13:16,3,2146,11,1
28/11/2018,13:37,4,2056,2,1
28/11/2018,15:15,2,3985,9,2
28/11/2018,15:40,2,2077,11,3
28/11/2018,15:50,3,2077,11,3
28/11/2018,16:13,2,2084,7,1
29/11/2018,09:51,2,2084,10,5
29/11/2018,10:15,2,2104,10,5
29/11/2018,10:37,3,2104,3,1
29/11/2018,11:04,3,2134,3,1
29/11/2018,11:36,2,2134,9,1
29/11/2018,11:55,3,2075,3,1
29/11/2018,12:13,2,2073,9,2
29/11/2018,12:34,3,2073,3,1
29/11/2018,12:56,6,2035,4,1
29/11/2018,13:13,2,2076,7,1
29/11/2018,13:40,2,2076,10,6
29/11/2018,14:07,2,2074,11,4
29/11/2018,14:47,3,1589,11,4
29/11/2018,15:11,2,1589,10,5
29/11/2018,15:35,3,2106,11,3
29/11/2018,15:55,3,2106,11,1
29/11/2018,16:12,5,2109,1,1
30/11/2018,09:47,3,2133,3,2
30/11/2018,10:11,3,2133,3,1
30/11/2018,10:41,2,3880,9,1
30/11/2018,11:14,1,2167,11,1
30/11/2018,14:46,6,637,10,2
30/11/2018,14:58,6,702,10,2
30/11/2018,14:58,6,697,10,2
30/11/2018,14:58,6,693,10,2
30/11/2018,15:11,6,699,10,2
30/11/2018,15:21,6,697,10,3
30/11/2018,15:30,6,697,10,4
30/11/2018,15:30,6,696,10,4
30/11/2018,15:39,6,695,10,1
30/11/2018,15:47,6,695,4,1
30/11/2018,15:57,6,691,4,1
30/11/2018,15:57,6,58,4,1
30/11/2018,16:03,6,695,4,1
30/11/2018,16:11,3,779,3,2
30/11/2018,16:11,3,767,3,2
30/11/2018,16:11,3,767,3,2
30/11/2018,16:20,3,474,3,2
30/11/2018,16:28,3,794,3,2
30/11/2018,16:39,3,799,3,1
30/11/2018,16:46,3,785,3,1
01/12/2018,09:03,2,785,10,5
01/12/2018,09:23,2,743,10,5
01/12/2018,09:31,2,743,7,2
01/12/2018,09:37,4,699,8,2
01/12/2018,09:51,4,699,8,2
01/12/2018,10:03,4,701,8,2
01/12/2018,10:15,4,723,2,2
01/12/2018,10:26,4,721,2,2
01/12/2018,10:35,4,721,2,2
01/12/2018,10:45,3,787,3,2
01/12/2018,10:53,3,780,3,2
01/12/2018,11:00,3,768,3,2
01/12/2018,11:08,3,768,3,2
01/12/2018,11:16,3,776,3,2
01/12/2018,11:29,3,771,3,2
01/12/2018,11:29,3,771,3,2
01/12/2018,11:39,6,771,10,2
01/12/2018,11:55,6,746,10,4
01/12/2018,12:03,2,708,9,2
01/12/2018,12:13,2,758,9,2
01/12/2018,12:20,3,766,11,4
01/12/2018,12:29,3,766,11,4
03/12/2018,09:11,1,768,3,1
03/12/2018,09:38,1,4049,3,1
03/12/2018,10:02,1,3115,11,4
03/12/2018,10:24,1,3115,11,4
03/12/2018,10:44,1,3132,11,4
03/12/2018,11:03,1,3141,11,4
03/12/2018,11:28,2,3141,7,1
03/12/2018,11:48,2,3856,7,2
03/12/2018,12:21,2,3913,10,5
03/12/2018,12:49,2,3913,10,5
03/12/2018,13:32,6,3935,10,1
03/12/2018,13:49,6,1986,10,1
03/12/2018,14:05,6,1993,10,1
03/12/2018,14:52,6,1970,10,1
03/12/2018,15:12,6,3983,4,1
03/12/2018,15:36,4,4011,2,2
03/12/2018,16:06,4,4002,2,1
03/12/2018,16:34,1,4030,3,2
04/12/2018,09:21,1,4030,3,1
04/12/2018,09:44,2,2066,9,1
04/12/2018,10:01,2,2078,9,2
04/12/2018,10:20,6,2078,5,2
04/12/2018,10:39,6,2052,5,2
04/12/2018,11:06,4,2052,8,2
04/12/2018,11:33,5,3913,1,1
04/12/2018,12:04,2,3912,10,5
04/12/2018,12:29,2,1991,10,5
04/12/2018,12:52,2,1968,7,1
04/12/2018,13:06,2,1982,7,1
04/12/2018,13:36,1,2145,11,1
04/12/2018,13:51,1,2122,11,1
04/12/2018,14:06,1,2133,11,1
04/12/2018,14:57,1,2133,11,1
04/12/2018,15:16,1,3977,3,2
04/12/2018,15:45,6,3977,4,1
04/12/2018,16:14,4,1989,2,2
05/12/2018,10:01,2,1930,9,1
05/12/2018,10:22,2,2083,9,1
05/12/2018,10:57,1,2083,11,3
05/12/2018,13:16,1,2648,11,3
05/12/2018,13:32,1,2653,11,3
05/12/2018,13:48,1,2653,11,3
05/12/2018,14:07,1,3989,3,2
05/12/2018,14:29,2,3989,10,5
05/12/2018,15:10,2,2063,10,5
05/12/2018,15:31,2,2078,10,5
05/12/2018,15:51,4,2078,8,2
05/12/2018,16:14,5,3977,1,1
05/12/2018,16:39,6,2046,4,1
06/12/2018,09:22,4,2037,2,1
06/12/2018,09:48,2,2037,9,1
06/12/2018,10:06,2,2063,9,2
06/12/2018,10:26,1,2154,3,2
06/12/2018,10:44,1,4044,3,2
06/12/2018,11:20,1,2135,11,1
06/12/2018,11:39,1,2137,11,2
06/12/2018,11:56,1,2140,11,3
06/12/2018,12:10,1,2138,11,4
06/12/2018,12:25,2,2063,7,1
06/12/2018,12:49,2,2063,7,2
06/12/2018,13:04,2,2058,10,5
06/12/2018,13:28,6,2047,4,1
06/12/2018,15:11,2,2060,9,1
06/12/2018,16:00,6,2060,5,1
06/12/2018,16:22,6,2034,5,2
07/12/2018,08:54,2,2062,10,6
07/12/2018,09:19,4,2062,8,2
07/12/2018,09:35,6,2038,10,3
07/12/2018,09:52,6,2038,10,4
07/12/2018,10:09,1,2055,3,2
07/12/2018,10:44,2,2065,9,2
07/12/2018,11:08,2,1880,10,5
07/12/2018,11:29,2,1880,7,1
07/12/2018,11:45,1,1863,11,3
07/12/2018,12:01,5,2092,1,1
07/12/2018,12:17,4,2092,2,2
07/12/2018,12:42,6,2038,4,1
07/12/2018,13:03,1,1957,11,1
07/12/2018,13:18,1,1946,11,2
07/12/2018,13:33,1,1650,3,2
08/12/2018,09:10,1,2128,11,4
08/12/2018,09:43,1,2128,3,1
08/12/2018,10:10,1,2136,3,2
08/12/2018,10:31,2,2136,7,1
08/12/2018,10:46,2,1988,7,2
08/12/2018,11:03,1,1892,11,1
08/12/2018,11:23,1,1890,11,3
08/12/2018,11:38,6,2055,4,1
10/12/2018,09:15,1,2055,3,2
10/12/2018,09:44,2,3962,10,6
10/12/2018,09:56,1,2025,10,6
10/12/2018,10:22,1,2027,10,5
10/12/2018,10:34,2,2027,10,5
10/12/2018,10:59,6,1978,10,4
10/12/2018,11:18,6,1934,4,1
10/12/2018,11:46,2,3929,9,1
10/12/2018,12:02,2,2070,9,2
10/12/2018,12:21,2,2070,7,1
10/12/2018,12:34,2,2063,7,2
10/12/2018,12:34,2,2069,7,2
10/12/2018,12:49,1,2114,11,1
10/12/2018,13:02,1,2114,11,3
10/12/2018,13:19,1,3110,11,2
10/12/2018,13:35,1,2128,11,4
10/12/2018,13:53,6,2044,9,4
10/12/2018,14:26,2,1950,9,4
10/12/2018,14:56,2,4038,9,3
10/12/2018,15:25,5,2100,1,1
10/12/2018,15:48,4,2100,2,1
10/12/2018,16:16,4,2048,2,2
11/12/2018,09:16,1,2110,3,2
11/12/2018,09:38,4,2110,8,2
11/12/2018,10:03,1,2039,10,5
11/12/2018,10:32,1,2035,10,6
11/12/2018,10:57,3,2034,11,1
11/12/2018,11:21,0,16,11,2
11/12/2018,11:38,1,1167,11,2
11/12/2018,11:51,3,1167,11,3
11/12/2018,12:07,3,2036,11,4
11/12/2018,12:23,0,2052,4,1
11/12/2018,12:47,2,2052,7,1
11/12/2018,13:05,2,2093,7,2
11/12/2018,13:19,2,2084,9,1
11/12/2018,13:36,2,1874,9,2
11/12/2018,15:29,3,2116,2,2
11/12/2018,15:48,3,2022,10,5
12/12/2018,09:16,5,3072,1,1
12/12/2018,09:53,6,1953,10,4
12/12/2018,10:15,1,2045,11,1
12/12/2018,10:30,1,2043,11,2
12/12/2018,10:45,1,2043,11,4
12/12/2018,11:02,2,1977,7,2
12/12/2018,11:20,2,1970,9,1
12/12/2018,11:37,2,1970,9,4
12/12/2018,11:55,4,3039,2,2
12/12/2018,12:18,4,2044,2,1
12/12/2018,12:36,1,2135,3,2
12/12/2018,13:07,6,2045,4,1
12/12/2018,14:27,1,2030,11,3
12/12/2018,15:44,2,2030,9,3
12/12/2018,16:00,2,1969,9,2
13/12/2018,08:54,3,1993,10,6
13/12/2018,09:18,3,2018,10,5
13/12/2018,09:41,4,2018,8,2
13/12/2018,10:05,2,1460,7,1
13/12/2018,10:12,1,1460,7,1
13/12/2018,10:32,3,1535,11,1
13/12/2018,10:46,3,1943,11,2
13/12/2018,11:04,6,1936,5,1
13/12/2018,11:21,6,2044,5,2
13/12/2018,11:42,6,2044,4,1
13/12/2018,12:00,2,1966,9,1
13/12/2018,12:21,2,1770,9,2
13/12/2018,12:40,2,1770,9,3
13/12/2018,13:06,4,1767,2,1
13/12/2018,13:26,4,2049,2,2
13/12/2018,13:31,3,7,11,3
13/12/2018,15:14,3,2022,11,3
13/12/2018,15:28,3,1926,11,4
13/12/2018,15:49,2,1862,7,2
14/12/2018,09:14,3,2121,3,2
14/12/2018,09:45,5,2065,1,1
14/12/2018,10:04,2,1953,9,4
14/12/2018,10:23,6,2040,10,3
14/12/2018,10:41,3,2040,10,6
14/12/2018,11:08,3,2030,10,5
14/12/2018,11:33,3,1869,7,1
14/12/2018,11:48,3,1878,11,1
14/12/2018,12:09,2,1876,9,1
14/12/2018,12:24,6,1561,10,4
14/12/2018,12:44,6,2043,4,1
14/12/2018,13:32,2,1923,7,2
14/12/2018,13:49,3,1861,11,2
14/12/2018,16:14,4,1855,2,2
15/12/2018,09:17,3,1930,11,4
15/12/2018,09:33,3,1926,11,3
15/12/2018,09:46,3,1919,11,1
15/12/2018,10:01,3,1926,10,5
15/12/2018,10:22,3,1911,10,6
15/12/2018,10:54,6,1911,4,1
15/12/2018,11:13,2,1931,9,1
15/12/2018,11:43,2,1920,9,2
15/12/2018,12:03,2,1874,9,3
15/12/2018,12:25,2,1874,9,4
17/12/2018,09:00,3,1995,7,1
17/12/2018,11:53,3,3110,7,1
17/12/2018,12:53,3,76,11,1
17/12/2018,12:53,3,975,11,1
17/12/2018,12:53,3,972,11,1
17/12/2018,12:53,3,941,11,1
17/12/2018,12:53,3,935,11,1
17/12/2018,12:53,3,930,11,1
17/12/2018,12:53,3,930,11,1
17/12/2018,12:53,3,918,11,1
17/12/2018,12:59,1,7,11,1
17/12/2018,13:02,3,6,11,1
17/12/2018,13:13,3,1005,11,1
17/12/2018,13:37,3,2987,11,4
17/12/2018,14:02,3,2987,10,5
17/12/2018,14:23,3,2991,10,6
17/12/2018,15:07,6,1985,4,1
17/12/2018,16:24,2,2124,9,2
17/12/2018,16:40,2,2124,9,1
18/12/2018,08:03,2,2005,9,1
18/12/2018,08:03,2,7,9,1
18/12/2018,10:25,2,7,7,2
18/12/2018,10:48,2,1967,9,3
18/12/2018,11:23,2,1967,9,4
18/12/2018,11:54,2,1966,9,1
18/12/2018,12:09,2,1966,9,2
18/12/2018,12:27,1,3929,11,2
18/12/2018,12:46,1,3925,11,3
18/12/2018,13:10,1,2025,11,1
18/12/2018,13:26,1,2024,11,4
18/12/2018,13:40,1,2024,7,1
18/12/2018,13:53,1,2024,10,5
18/12/2018,14:52,1,2023,10,6
18/12/2018,15:14,5,2023,1,1
18/12/2018,16:05,4,3952,8,2
18/12/2018,16:36,6,3952,5,2
19/12/2018,10:02,4,3178,2,2
19/12/2018,10:30,4,3045,2,1
19/12/2018,10:56,6,3059,4,1
19/12/2018,11:20,6,2060,4,1
19/12/2018,11:36,1,3931,7,1
19/12/2018,11:57,1,3931,9,2
19/12/2018,12:09,1,2044,11,3
19/12/2018,12:23,1,2030,11,4
19/12/2018,12:37,1,2030,10,5
19/12/2018,13:06,1,2045,10,6
19/12/2018,13:32,2,3567,7,2
19/12/2018,13:54,2,3550,9,1
19/12/2018,14:44,2,2071,9,1
19/12/2018,15:01,2,2077,9,2
19/12/2018,15:20,2,2062,9,4
19/12/2018,15:46,6,2052,5,2
19/12/2018,16:05,5,3917,1,1
20/12/2018,09:11,4,3834,8,2
20/12/2018,09:41,1,1667,11,1
20/12/2018,10:37,1,1667,7,1
20/12/2018,10:53,1,2166,11,3
20/12/2018,11:07,1,2039,11,4
20/12/2018,11:23,1,2032,10,5
20/12/2018,11:52,1,2039,10,6
20/12/2018,12:09,2,2067,7,2
20/12/2018,12:23,6,2056,4,1
20/12/2018,12:39,4,2056,2,1
20/12/2018,12:56,4,3058,2,2
20/12/2018,14:54,2,3058,9,1
20/12/2018,15:16,2,2075,9,2
20/12/2018,15:38,2,2065,9,4
20/12/2018,15:56,6,1556,5,1
20/12/2018,16:12,2,1876,9,3
21/12/2018,09:16,1,2152,11,2
21/12/2018,09:34,6,2048,6,1
21/12/2018,09:58,6,2042,6,2
21/12/2018,10:15,6,2050,4,1
21/12/2018,10:33,2,2587,7,2
21/12/2018,10:50,1,2662,7,1
21/12/2018,11:06,1,2662,9,3
21/12/2018,11:21,1,2031,10,5
21/12/2018,11:48,1,1849,10,6
21/12/2018,12:08,1,1822,11,4
21/12/2018,13:28,5,2109,1,1
21/12/2018,13:47,4,2053,8,2
21/12/2018,15:06,4,1874,2,2
21/12/2018,15:24,4,1844,2,1
22/12/2018,08:54,2,2106,9,1
22/12/2018,09:12,2,2087,9,2
22/12/2018,09:28,2,1971,9,3
22/12/2018,09:45,2,1968,9,4
22/12/2018,10:03,1,1968,11,2
22/12/2018,10:21,1,2656,11,4
22/12/2018,10:37,1,2051,10,5
22/12/2018,10:54,1,1941,10,6
22/12/2018,11:20,1,1852,11,3
22/12/2018,11:43,1,2135,7,1
22/12/2018,11:55,2,2135,7,2
22/12/2018,12:07,2,1472,3,1
22/12/2018,12:16,6,1435,3,1
22/12/2018,12:33,6,1550,4,1
24/12/2018,08:21,6,6,4,1
24/12/2018,08:21,6,6,4,1
24/12/2018,08:22,1,6,11,2
24/12/2018,08:45,1,56,11,2
24/12/2018,08:45,1,56,11,2
24/12/2018,08:45,1,52,11,2
24/12/2018,08:45,1,50,11,2
24/12/2018,08:45,1,57,11,2
24/12/2018,09:10,1,6,11,2
24/12/2018,09:15,1,197,11,2
24/12/2018,09:18,1,197,11,2
24/12/2018,09:18,1,68,11,2
24/12/2018,09:18,1,54,11,2
24/12/2018,09:18,1,47,11,2
24/12/2018,09:18,1,44,11,2
24/12/2018,09:18,1,44,11,2
24/12/2018,09:18,1,33,11,2
24/12/2018,09:18,1,31,11,2
24/12/2018,09:19,1,31,11,2
24/12/2018,09:19,1,21,11,2
24/12/2018,09:19,1,16,11,2
24/12/2018,09:19,1,16,11,2
24/12/2018,09:19,1,13,11,2
24/12/2018,09:19,1,7,11,2
24/12/2018,09:19,1,6,11,2
24/12/2018,09:31,1,6,11,2
24/12/2018,10:07,1,3146,11,2
24/12/2018,10:23,1,1647,11,2
24/12/2018,10:33,1,1647,11,3
24/12/2018,10:46,1,2520,11,4
24/12/2018,11:03,1,2513,10,6
24/12/2018,11:20,1,3004,10,5
24/12/2018,11:43,2,3953,3,1
24/12/2018,11:59,2,3953,9,1
24/12/2018,12:16,2,2564,9,1
24/12/2018,12:31,2,2575,9,1
24/12/2018,12:47,2,2566,9,1
24/12/2018,12:49,2,6,9,1
24/12/2018,12:49,2,6,9,1
24/12/2018,12:49,2,6,9,1
24/12/2018,12:52,6,6,9,1
24/12/2018,13:05,6,6,4,1
27/12/2018,09:13,2,3901,3,1
27/12/2018,09:53,6,3901,4,1
27/12/2018,10:09,6,3934,5,1
27/12/2018,10:30,6,3903,5,2
27/12/2018,11:06,3,3886,7,1
27/12/2018,11:29,3,3931,7,2
27/12/2018,11:48,3,3931,11,2
27/12/2018,12:11,3,3933,11,3
27/12/2018,12:31,3,3926,11,4
27/12/2018,12:52,3,3925,10,5
27/12/2018,13:12,3,3925,10,6
27/12/2018,13:41,3,3933,11,1
27/12/2018,14:16,2,2007,9,1
27/12/2018,14:47,2,3966,9,2
27/12/2018,15:09,2,3964,9,3
27/12/2018,15:31,5,3964,1,1
27/12/2018,15:51,4,3965,2,2
27/12/2018,16:14,4,3939,8,2
28/12/2018,08:32,4,6,8,2
28/12/2018,08:33,4,6,8,2
28/12/2018,09:29,0,0,2,1
28/12/2018,09:52,2,4003,3,1
28/12/2018,10:14,4,3950,8,2
28/12/2018,10:35,4,1947,2,2
28/12/2018,10:53,5,1947,1,1
28/12/2018,11:42,3,3980,7,1
28/12/2018,12:05,3,3980,7,2
28/12/2018,12:23,3,3973,11,3
28/12/2018,12:39,3,2581,11,4
28/12/2018,12:52,3,2581,10,5
28/12/2018,13:08,3,1978,10,6
28/12/2018,13:26,3,1996,11,2
28/12/2018,13:42,2,3101,9,4
28/12/2018,14:47,2,2004,9,1
28/12/2018,15:04,2,2004,9,2
28/12/2018,15:18,2,2007,3,1
28/12/2018,15:33,6,2007,4,1
28/12/2018,15:47,3,1993,11,1
28/12/2018,16:06,6,1993,5,2
28/12/2018,16:06,6,2557,5,2
28/12/2018,16:07,6,2533,5,2
28/12/2018,16:21,6,3047,5,1
29/12/2018,08:56,2,3047,9,3
29/12/2018,09:32,3,2000,7,1
29/12/2018,09:44,3,2000,11,3
29/12/2018,09:56,3,2011,11,4
29/12/2018,10:10,3,2974,10,5
29/12/2018,10:28,6,3049,4,1
29/12/2018,10:45,2,2506,9,2
29/12/2018,10:59,2,2499,9,3
29/12/2018,11:17,2,3003,3,1
29/12/2018,11:36,3,3159,10,6
29/12/2018,11:58,3,2605,7,2
29/12/2018,12:15,3,1607,10,6
29/12/2018,12:33,4,2047,2,1
31/12/2018,08:16,2,3994,3,1
31/12/2018,08:38,6,3994,6,1
31/12/2018,08:49,6,2079,5,1
31/12/2018,09:10,4,3946,8,2
31/12/2018,09:26,5,2566,1,1
31/12/2018,09:45,3,4002,10,5
31/12/2018,10:02,3,4002,10,6
31/12/2018,10:02,3,3064,10,6
31/12/2018,10:22,3,3065,7,1
31/12/2018,10:38,3,3088,7,1
31/12/2018,10:49,3,2086,11,2
31/12/2018,11:04,3,3051,11,3
31/12/2018,11:05,3,3070,11,3
31/12/2018,11:19,3,3081,11,3
31/12/2018,11:37,2,3613,9,2
31/12/2018,11:51,1,3613,9,2
31/12/2018,12:06,2,2896,9,4
31/12/2018,12:25,2,2896,9,3
31/12/2018,12:41,6,3998,4,1
31/12/2018,12:55,2,3955,3,1
31/12/2018,13:11,4,2101,2,1
03/01/2019,09:04,2,4001,2,1
03/01/2019,09:24,1,4036,7,1
03/01/2019,09:41,1,3128,7,2
03/01/2019,10:00,1,3128,10,5
03/01/2019,10:22,1,4014,11,3
03/01/2019,10:39,1,4014,11,4
03/01/2019,11:02,2,4015,9,3
03/01/2019,11:22,2,4003,9,4
03/01/2019,11:47,1,3030,7,2
03/01/2019,12:00,1,3024,9,1
03/01/2019,12:23,2,3024,9,2
03/01/2019,12:33,1,1642,9,2
03/01/2019,12:56,4,2060,8,2
03/01/2019,13:11,4,2066,2,2
03/01/2019,13:28,4,2066,2,1
03/01/2019,14:37,6,2063,4,1
03/01/2019,14:50,6,2051,5,1
03/01/2019,15:11,6,2050,5,2
03/01/2019,15:36,5,3967,1,1
04/01/2019,09:42,2,3967,3,1
04/01/2019,10:03,6,2058,4,1
04/01/2019,10:16,1,2548,7,1
04/01/2019,10:33,1,2543,7,2
04/01/2019,10:47,1,2548,11,3
04/01/2019,10:59,1,2537,11,4
04/01/2019,11:16,1,2529,9,1
04/01/2019,11:30,1,2529,9,2
04/01/2019,11:47,1,3018,10,5
04/01/2019,12:18,1,1956,10,6
04/01/2019,12:43,2,2133,9,4
04/01/2019,14:14,6,2059,10,1
04/01/2019,14:31,6,2063,5,1
04/01/2019,14:46,6,2063,5,2
04/01/2019,15:04,6,2061,4,1
04/01/2019,15:19,2,2109,3,1
04/01/2019,15:49,2,2113,9,3
05/01/2019,09:22,4,2113,8,2
05/01/2019,09:44,1,2025,7,1
05/01/2019,09:59,1,2032,7,2
05/01/2019,10:14,1,2043,10,5
05/01/2019,10:33,1,2014,10,6
05/01/2019,11:00,4,2955,2,1
05/01/2019,11:19,4,2458,2,2
05/01/2019,11:36,6,2072,6,1
05/01/2019,11:50,6,2058,6,2
05/01/2019,12:04,6,1962,5,2
05/01/2019,12:23,2,1962,3,1
05/01/2019,12:46,2,2604,9,3
07/01/2019,09:06,2,2007,3,1
07/01/2019,09:27,2,2016,9,4
07/01/2019,09:44,6,1949,4,1
07/01/2019,10:00,1,1949,9,1
07/01/2019,10:23,1,4048,9,2
07/01/2019,10:43,2,2115,9,3
07/01/2019,11:04,6,2058,5,1
07/01/2019,11:17,6,2059,5,2
07/01/2019,11:33,1,2141,11,4
07/01/2019,11:52,1,4045,10,5
07/01/2019,12:16,1,4041,10,6
07/01/2019,12:47,5,3497,1,1
07/01/2019,13:11,1,3497,7,1
07/01/2019,13:30,1,4042,7,2
08/01/2019,09:39,4,3053,8,2
08/01/2019,10:01,1,3146,9,1
08/01/2019,10:30,1,2159,9,2
08/01/2019,10:45,1,2159,10,5
08/01/2019,11:46,4,2060,2,2
08/01/2019,12:05,1,2060,10,6
08/01/2019,12:28,1,2045,7,1
08/01/2019,12:54,1,2646,7,2
08/01/2019,13:11,1,2646,11,4
08/01/2019,13:33,2,2116,9,4
08/01/2019,14:55,2,2149,9,3
08/01/2019,15:12,2,2149,3,1
08/01/2019,15:51,4,2057,2,1
09/01/2019,09:53,1,2159,7,1
09/01/2019,10:19,1,2132,9,1
09/01/2019,10:33,1,2132,7,2
09/01/2019,10:49,1,2129,11,4
09/01/2019,11:12,1,2036,10,5
09/01/2019,11:40,6,2036,6,1
09/01/2019,12:14,2,2075,9,4
09/01/2019,12:40,6,3951,5,1
09/01/2019,13:12,6,2053,5,2
09/01/2019,13:39,2,2053,3,1
09/01/2019,15:54,5,3569,1,1
09/01/2019,16:16,1,2141,10,6
10/01/2019,09:44,1,2164,9,1
10/01/2019,10:03,2,2164,9,4
10/01/2019,10:19,2,2124,3,1
10/01/2019,10:35,1,4032,9,2
10/01/2019,11:52,6,4032,10,2
10/01/2019,12:10,6,1963,10,1
10/01/2019,12:28,1,1963,7,1
10/01/2019,12:45,1,2134,10,5
10/01/2019,12:58,1,2134,7,2
10/01/2019,13:20,2,2018,9,3
10/01/2019,13:39,1,2047,9,3
10/01/2019,15:33,4,1991,2,2
10/01/2019,15:56,2,2016,3,1
11/01/2019,11:01,1,2016,9,1
11/01/2019,11:18,3,2155,9,2
11/01/2019,11:58,4,3064,8,2
11/01/2019,12:19,6,3064,5,1
11/01/2019,12:41,3,2030,10,5
11/01/2019,13:07,3,2108,10,6
11/01/2019,13:26,3,2087,9,3
11/01/2019,13:42,2,2127,9,4
11/01/2019,13:58,2,2119,3,1
11/01/2019,15:13,6,2059,6,2
11/01/2019,15:32,3,1998,11,4
11/01/2019,15:52,3,1998,7,1
11/01/2019,16:07,3,2103,7,2
12/01/2019,09:43,4,2103,2,1
12/01/2019,10:58,6,2071,5,2
12/01/2019,11:12,2,1865,3,1
12/01/2019,11:38,1,2146,9,3
12/01/2019,11:53,1,2138,9,2
12/01/2019,12:11,1,2131,9,1
12/01/2019,12:31,1,2126,10,5
12/01/2019,12:37,1,6,10,5
12/01/2019,12:55,1,2137,10,6
14/01/2019,09:20,1,4040,7,1
14/01/2019,09:39,2,2165,9,4
14/01/2019,09:57,2,2165,3,2
14/01/2019,10:19,2,4007,3,1
14/01/2019,10:38,1,4047,7,2
14/01/2019,10:57,1,3045,10,5
14/01/2019,11:26,1,2030,10,6
14/01/2019,11:44,6,3984,5,1
14/01/2019,12:04,6,1955,5,2
14/01/2019,12:23,5,3971,1,1
14/01/2019,12:49,4,3092,8,2
14/01/2019,13:07,4,3092,2,2
14/01/2019,13:27,4,2960,2,1
14/01/2019,14:56,1,3106,9,3
14/01/2019,15:55,1,3106,9,1
14/01/2019,16:17,1,3546,9,2
15/01/2019,09:38,2,4030,3,1
15/01/2019,10:02,2,2904,3,2
15/01/2019,10:42,2,2019,9,4
15/01/2019,11:01,1,2945,10,5
15/01/2019,11:26,1,1848,10,6
15/01/2019,11:54,6,1553,6,1
15/01/2019,12:18,6,1553,6,2
15/01/2019,12:32,1,2625,7,1
15/01/2019,12:48,1,2635,7,2
16/01/2019,09:35,2,2154,3,1
16/01/2019,09:54,2,2111,3,2
16/01/2019,10:08,2,2124,9,4
16/01/2019,10:28,6,2124,5,1
16/01/2019,10:48,6,2578,5,2
16/01/2019,11:10,3,2008,9,1
16/01/2019,11:30,3,1980,9,2
16/01/2019,11:46,3,1980,9,3
16/01/2019,13:07,3,1990,7,1
16/01/2019,13:18,3,1985,7,2
16/01/2019,13:33,4,3047,8,2
16/01/2019,15:07,4,3047,2,2
16/01/2019,15:28,4,2061,2,1
16/01/2019,15:46,5,2061,1,1
16/01/2019,16:13,6,1963,10,3
17/01/2019,09:28,2,1963,3,1
17/01/2019,09:44,1,2040,9,1
17/01/2019,10:07,1,2056,9,3
17/01/2019,10:30,1,2041,10,6
17/01/2019,11:13,2,2041,3,2
17/01/2019,11:45,1,2032,9,2
17/01/2019,12:04,1,3023,7,1
17/01/2019,12:31,1,2034,7,2
18/01/2019,09:50,2,2034,3,1
18/01/2019,10:10,3,4016,9,1
18/01/2019,10:31,3,1507,9,2
18/01/2019,10:50,2,1507,3,2
18/01/2019,11:19,3,4023,10,6
18/01/2019,11:42,2,2019,9,4
18/01/2019,11:51,3,976,9,4
18/01/2019,12:08,3,2076,7,1
18/01/2019,12:22,3,2080,9,3
18/01/2019,13:13,3,2101,7,2
18/01/2019,13:26,4,2051,2,2
18/01/2019,14:21,4,6,2,2
18/01/2019,14:38,6,6,5,1
18/01/2019,14:56,6,2057,5,2
18/01/2019,15:13,5,2090,1,1
18/01/2019,15:35,4,2090,8,2
19/01/2019,09:16,4,2080,2,1
19/01/2019,09:36,2,2116,3,1
19/01/2019,09:51,6,2073,10,2
19/01/2019,10:05,1,2147,9,3
19/01/2019,10:24,1,2143,9,4
19/01/2019,10:43,1,2143,7,1
19/01/2019,10:57,1,2119,7,2
19/01/2019,11:10,1,2023,10,6
19/01/2019,11:27,2,2018,3,2
19/01/2019,12:08,1,2018,9,1
19/01/2019,12:23,1,1939,9,2
21/01/2019,09:43,2,1939,3,1
21/01/2019,10:05,1,2135,9,1
21/01/2019,10:20,6,2135,6,1
21/01/2019,10:43,6,2054,6,2
21/01/2019,10:54,6,2054,5,1
21/01/2019,11:16,2,4011,3,2
21/01/2019,11:39,1,4011,9,3
21/01/2019,12:05,1,2126,9,4
21/01/2019,12:24,4,2130,2,1
21/01/2019,12:45,4,2077,2,2
21/01/2019,13:09,4,2057,8,2
21/01/2019,13:28,5,2082,1,1
21/01/2019,13:45,6,2062,10,1
21/01/2019,14:55,6,2062,5,2
21/01/2019,15:17,1,2060,9,2
21/01/2019,15:40,1,2124,7,1
21/01/2019,15:56,1,2123,7,2
22/01/2019,09:35,1,2077,9,1
22/01/2019,09:54,2,2077,9,2
22/01/2019,10:14,1,3952,9,2
22/01/2019,10:39,1,2059,9,3
22/01/2019,10:55,1,2069,9,4
22/01/2019,11:13,2,2069,3,2
22/01/2019,12:23,1,3054,7,1
22/01/2019,12:40,1,3048,7,2
22/01/2019,14:59,5,2576,1,1
22/01/2019,15:19,4,2563,8,2
23/01/2019,10:09,2,3996,3,1
23/01/2019,10:31,1,2645,7,2
23/01/2019,10:52,1,2047,9,2
23/01/2019,11:15,1,2035,9,3
23/01/2019,11:32,2,2035,3,2
23/01/2019,11:54,1,1973,9,1
23/01/2019,12:10,1,1973,9,4
23/01/2019,12:35,6,1972,6,1
23/01/2019,13:07,6,2571,6,2
23/01/2019,15:02,4,2074,2,2
24/01/2019,10:31,2,4068,3,1
24/01/2019,10:52,1,2037,9,1
24/01/2019,11:06,1,2036,9,2
24/01/2019,11:21,1,2035,9,3
24/01/2019,11:40,2,2620,3,2
24/01/2019,12:13,4,2084,3,1
24/01/2019,12:32,4,2084,2,2
24/01/2019,12:51,5,2584,1,1
24/01/2019,13:16,6,1968,10,3
24/01/2019,13:37,1,1527,7,1
25/01/2019,09:07,2,1527,3,1
25/01/2019,09:22,2,2143,3,2
25/01/2019,09:38,6,2143,10,4
25/01/2019,09:56,1,1986,9,3
25/01/2019,10:27,1,2147,9,3
25/01/2019,10:46,1,2153,7,1
25/01/2019,11:00,1,2142,7,2
25/01/2019,11:19,6,2077,5,1
25/01/2019,11:45,6,2056,5,2
25/01/2019,12:02,6,976,10,1
25/01/2019,12:18,6,966,10,2
25/01/2019,12:25,6,958,10,2
25/01/2019,12:42,1,958,9,1
25/01/2019,12:58,1,2043,9,2
25/01/2019,13:15,4,2074,2,2
26/01/2019,09:13,4,2074,8,2
26/01/2019,09:30,4,2069,2,1
26/01/2019,09:51,2,2069,3,1
26/01/2019,10:14,2,3988,3,2
26/01/2019,10:36,2,2984,11,1
26/01/2019,10:53,2,2989,11,2
26/01/2019,11:05,1,2055,7,2
26/01/2019,11:16,1,2044,9,1
26/01/2019,11:32,1,2036,9,2
26/01/2019,11:46,1,2023,9,3
26/01/2019,12:06,1,3510,9,4
28/01/2019,09:21,2,3995,3,1
28/01/2019,09:46,2,4002,3,2
28/01/2019,10:08,1,4002,9,1
28/01/2019,10:25,1,3043,9,2
28/01/2019,10:44,6,1964,10,1
28/01/2019,11:10,1,1964,3,3
28/01/2019,11:25,1,2045,9,4
28/01/2019,11:47,1,2045,7,2
28/01/2019,11:59,1,1040,7,1
29/01/2019,10:16,4,3564,2,2
29/01/2019,10:38,4,3564,2,1
29/01/2019,10:58,2,2966,3,1
29/01/2019,11:08,1,2009,3,1
29/01/2019,11:27,2,2044,3,2
29/01/2019,11:48,2,3998,11,1
29/01/2019,12:02,2,2489,11,2
29/01/2019,12:16,6,2489,6,1
29/01/2019,12:29,6,1945,6,2
29/01/2019,12:40,6,1947,10,2
29/01/2019,12:55,1,2151,7,2
29/01/2019,13:45,1,2159,9,1
29/01/2019,14:40,1,2159,9,2
29/01/2019,14:57,1,2091,9,3
29/01/2019,15:18,1,2145,9,4
29/01/2019,15:48,4,3069,8,2
29/01/2019,16:07,5,3958,1,1
30/01/2019,09:13,3,2102,7,2
30/01/2019,09:25,3,1032,7,1
30/01/2019,09:55,3,3984,3,1
30/01/2019,10:17,2,4009,3,2
30/01/2019,10:43,6,3956,4,1
30/01/2019,11:02,6,1882,10,3
30/01/2019,11:18,6,1869,10,4
30/01/2019,11:34,3,2086,9,1
30/01/2019,11:53,3,2076,9,2
30/01/2019,12:14,3,2081,9,3
30/01/2019,12:33,3,2081,9,4
30/01/2019,12:49,4,2063,2,2
30/01/2019,13:20,4,2958,2,2
30/01/2019,14:50,2,2958,11,1
30/01/2019,15:06,5,2023,1,1
31/01/2019,09:09,3,2086,3,1
31/01/2019,09:24,3,2079,7,2
31/01/2019,09:37,2,2117,3,2
31/01/2019,10:02,3,2080,9,1
31/01/2019,10:54,3,2080,9,4
31/01/2019,11:30,3,2086,9,2
31/01/2019,11:46,3,2495,9,3
31/01/2019,12:04,3,2476,3,1
31/01/2019,12:22,2,2003,3,2
31/01/2019,12:40,2,1910,11,2
31/01/2019,12:58,4,2062,2,2
31/01/2019,15:07,4,2077,8,2
01/02/2019,09:56,4,2070,2,1
01/02/2019,10:21,6,2062,6,2
01/02/2019,10:34,6,1969,10,1
01/02/2019,11:09,1,1019,10,6
01/02/2019,11:25,1,1019,7,2
01/02/2019,11:44,2,1993,11,1
01/02/2019,11:56,2,2099,3,2
01/02/2019,12:16,1,2135,9,3
01/02/2019,12:32,1,2135,3,1
01/02/2019,12:58,1,2539,9,2
01/02/2019,13:21,1,2147,9,1
01/02/2019,14:45,1,2147,9,4
01/02/2019,15:01,4,2152,8,2
01/02/2019,15:17,5,2054,1,1
02/02/2019,09:02,2,1901,11,2
02/02/2019,09:17,4,1901,2,2
02/02/2019,10:25,2,1882,3,2
02/02/2019,10:46,1,2102,3,1
02/02/2019,11:03,6,1090,10,2
02/02/2019,11:15,1,2147,9,1
02/02/2019,11:37,1,2157,9,2
02/02/2019,11:50,1,2044,9,3
02/02/2019,12:03,1,2044,9,4
04/02/2019,08:54,1,2056,3,1
04/02/2019,09:17,2,3949,3,2
04/02/2019,09:39,6,1971,10,3
04/02/2019,09:54,1,2079,7,2
04/02/2019,10:08,6,1981,4,1
04/02/2019,10:24,2,1981,11,1
04/02/2019,10:37,4,2062,2,1
04/02/2019,10:53,4,2062,2,2
04/02/2019,11:17,4,2075,8,2
04/02/2019,11:33,6,1779,10,4
04/02/2019,11:52,6,1779,6,1
04/02/2019,12:14,6,1753,6,2
04/02/2019,12:28,2,1753,11,2
04/02/2019,12:46,2,2126,3,2
04/02/2019,13:03,1,2133,9,1
04/02/2019,13:34,1,2131,9,2
04/02/2019,14:56,1,2119,9,3
04/02/2019,15:15,1,2121,9,4
04/02/2019,15:49,1,2131,3,1
05/02/2019,09:15,1,2121,7,2
05/02/2019,09:30,5,3061,1,1
05/02/2019,09:56,1,3061,3,1
05/02/2019,10:16,6,2160,10,1
05/02/2019,10:35,6,1961,10,2
05/02/2019,10:54,6,2963,11,4
05/02/2019,11:30,2,4013,11,3
05/02/2019,11:49,2,2609,11,1
05/02/2019,12:03,2,2593,3,2
05/02/2019,12:30,1,2593,9,1
05/02/2019,13:04,1,2183,9,2
05/02/2019,13:20,1,2162,9,3
05/02/2019,13:40,1,2162,9,4
05/02/2019,15:02,1,2162,3,2
06/02/2019,10:10,6,2146,4,1
06/02/2019,10:32,3,2103,7,2
06/02/2019,10:32,3,2106,7,2
06/02/2019,10:32,3,2105,7,2
06/02/2019,10:51,3,2107,9,1
06/02/2019,11:32,3,2096,9,2
06/02/2019,12:14,3,2095,3,1
06/02/2019,12:34,2,2599,3,2
06/02/2019,13:04,3,2081,9,3
06/02/2019,13:24,6,2069,6,2
06/02/2019,15:21,5,2069,1,1
06/02/2019,15:38,3,2088,9,4
06/02/2019,16:02,3,2090,3,1
07/02/2019,09:44,6,1968,10,3
07/02/2019,09:59,3,1968,3,1
07/02/2019,10:15,3,2093,9,1
07/02/2019,10:35,3,1986,9,2
07/02/2019,10:49,2,2098,3,2
07/02/2019,11:09,2,2098,11,1
07/02/2019,11:26,3,2097,9,3
07/02/2019,11:42,2,2100,11,2
07/02/2019,12:03,2,2100,11,3
07/02/2019,12:25,6,2097,11,4
07/02/2019,12:33,2,1000,11,4
07/02/2019,12:54,4,2986,2,1
07/02/2019,13:14,4,3951,8,2
07/02/2019,15:03,4,2032,2,2
08/02/2019,08:52,3,1125,10,6
08/02/2019,09:11,6,1125,10,2
08/02/2019,09:30,6,1479,10,1
08/02/2019,09:49,3,2109,9,1
08/02/2019,10:03,2,2113,11,1
08/02/2019,10:16,2,2107,11,2
08/02/2019,10:34,3,2107,3,1
09/02/2019,08:48,2,12,3,2
09/02/2019,09:00,2,2123,11,3
09/02/2019,09:21,4,2949,8,2
09/02/2019,09:37,4,2949,2,1
09/02/2019,09:54,4,2949,2,2
09/02/2019,10:09,6,1967,10,4
09/02/2019,10:24,6,1983,4,1
09/02/2019,10:46,3,3975,3,2
09/02/2019,11:06,3,3981,3,1
09/02/2019,11:26,3,3970,9,4
09/02/2019,11:45,3,3970,9,3
09/02/2019,12:07,3,2970,9,2
09/02/2019,12:22,3,2087,9,1
09/02/2019,12:34,3,2088,3,2
11/02/2019,09:04,3,2088,3,1
11/02/2019,11:28,3,3973,3,2
11/02/2019,11:52,2,4011,11,1
11/02/2019,12:08,2,2497,11,2
11/02/2019,12:25,2,2117,11,3
11/02/2019,12:43,2,2114,11,4
11/02/2019,13:01,3,2108,9,1
11/02/2019,13:29,3,2129,9,2
11/02/2019,13:46,3,2113,9,3
11/02/2019,14:54,3,2112,9,4
11/02/2019,15:08,6,953,10,1
11/02/2019,15:23,5,953,1,1
11/02/2019,15:47,4,2946,8,2
11/02/2019,16:07,4,2946,2,2
12/02/2019,09:55,2,2062,11,1
12/02/2019,09:55,2,2097,11,1
12/02/2019,09:56,2,2095,11,1
12/02/2019,10:20,2,2095,11,1
12/02/2019,10:20,2,2092,11,1
12/02/2019,10:22,2,2094,11,1
12/02/2019,10:43,2,2094,11,2
12/02/2019,11:08,3,2105,3,1
12/02/2019,11:35,3,4025,3,2
12/02/2019,12:04,6,3987,4,1
12/02/2019,12:55,6,1976,10,2
12/02/2019,13:13,6,1976,10,3
12/02/2019,13:30,6,1976,10,4
12/02/2019,13:49,3,2101,9,3
12/02/2019,15:20,3,2088,9,4
13/02/2019,09:35,3,3972,3,1
13/02/2019,10:03,4,2036,2,1
13/02/2019,10:24,3,3969,9,2
13/02/2019,10:52,6,1954,10,1
13/02/2019,11:19,3,4004,9,3
13/02/2019,11:44,3,3982,3,2
13/02/2019,12:08,3,2098,9,4
13/02/2019,13:22,4,2079,2,2
13/02/2019,14:55,4,2046,8,2
13/02/2019,15:20,2,2113,11,4
13/02/2019,15:41,5,2113,1,1
13/02/2019,16:38,3,2087,9,1
14/02/2019,09:47,2,2141,11,1
14/02/2019,10:03,2,2141,11,2
14/02/2019,10:20,2,2126,11,3
14/02/2019,10:55,3,3493,3,1
14/02/2019,11:20,3,2504,3,2
14/02/2019,11:43,6,1957,10,2
14/02/2019,12:00,6,1957,10,3
14/02/2019,12:25,3,2100,9,3
14/02/2019,12:44,3,2092,9,4
14/02/2019,13:18,6,1979,4,1
15/02/2019,09:59,3,2985,3,1
15/02/2019,10:17,3,2985,3,2
15/02/2019,10:36,4,2065,2,1
15/02/2019,10:54,4,2075,2,2
15/02/2019,11:20,4,2081,8,2
15/02/2019,11:38,5,2081,1,1
15/02/2019,11:57,2,2018,11,1
15/02/2019,12:11,2,1706,11,2
15/02/2019,12:28,2,1706,11,3
15/02/2019,12:53,2,2002,11,4
15/02/2019,13:13,3,3972,9,2
15/02/2019,13:38,6,1985,10,5
15/02/2019,14:53,2,2016,10,5
15/02/2019,15:13,3,1980,9,3
15/02/2019,15:13,3,1980,9,3
15/02/2019,15:25,3,1990,9,4
15/02/2019,15:37,3,1091,9,1
15/02/2019,15:52,6,1091,4,1
15/02/2019,16:06,6,1481,10,4
16/02/2019,09:58,3,1481,3,2
16/02/2019,10:26,3,3870,3,1
16/02/2019,10:44,3,2097,9,3
16/02/2019,11:06,3,2094,9,3
18/02/2019,08:55,3,4008,3,1
18/02/2019,09:30,3,3992,3,2
18/02/2019,10:02,3,2087,9,3
18/02/2019,10:19,3,2090,9,4
18/02/2019,10:38,2,2090,11,1
18/02/2019,10:56,2,2105,11,2
18/02/2019,11:14,2,2109,11,3
18/02/2019,11:30,2,2095,11,4
18/02/2019,11:47,6,2095,4,1
18/02/2019,12:02,6,1966,10,3
18/02/2019,12:20,6,958,10,1
18/02/2019,12:35,6,962,10,2
18/02/2019,12:51,4,962,2,1
18/02/2019,13:17,4,2047,2,2
18/02/2019,13:40,4,2049,8,2
18/02/2019,15:38,5,3984,1,1
19/02/2019,08:49,3,1150,10,6
19/02/2019,09:08,2,2104,10,5
19/02/2019,09:27,3,3980,3,1
19/02/2019,09:53,3,3980,3,2
19/02/2019,10:15,6,3984,10,4
19/02/2019,10:18,6,6,10,4
19/02/2019,10:36,6,1968,5,1
19/02/2019,10:55,6,1977,5,2
19/02/2019,11:48,6,1977,4,1
19/02/2019,12:07,2,2077,11,1
19/02/2019,12:21,2,2010,11,2
19/02/2019,12:38,2,2088,11,3
19/02/2019,12:58,2,1795,11,4
19/02/2019,14:58,3,4031,9,3
19/02/2019,15:22,3,3980,9,4
19/02/2019,15:45,6,2006,10,6
19/02/2019,15:58,2,1981,10,6
20/02/2019,09:25,3,1981,3,1
20/02/2019,09:53,3,3967,3,2
20/02/2019,10:15,6,2079,4,1
20/02/2019,10:37,4,2067,2,1
20/02/2019,10:55,4,2046,2,2
20/02/2019,11:24,4,2052,8,2
20/02/2019,11:48,5,2061,1,1
20/02/2019,12:36,3,2095,3,1
20/02/2019,12:54,3,2112,3,2
20/02/2019,13:29,2,2110,11,1
20/02/2019,14:56,2,1933,11,2
21/02/2019,09:40,2,1933,10,5
21/02/2019,10:01,2,2624,11,4
21/02/2019,11:48,2,3091,11,3
21/02/2019,11:49,2,3091,11,3
21/02/2019,12:28,3,1119,9,2
21/02/2019,12:45,3,3998,3,1
21/02/2019,13:10,3,3998,3,2
21/02/2019,13:35,3,3488,9,3
21/02/2019,15:00,3,3089,9,4
21/02/2019,15:00,3,3088,9,4
21/02/2019,15:00,3,3088,9,4
21/02/2019,15:00,3,3085,9,4
21/02/2019,15:00,3,3083,9,4
21/02/2019,15:00,3,3078,9,4
21/02/2019,15:00,3,3077,9,4
21/02/2019,15:00,3,3073,9,4
21/02/2019,15:45,0,0,11,1
21/02/2019,15:48,0,2034,11,1
21/02/2019,15:48,0,147,11,1
21/02/2019,15:48,0,146,11,1
21/02/2019,15:48,0,146,11,1
21/02/2019,15:48,0,146,11,1
21/02/2019,15:48,0,147,11,1
21/02/2019,15:48,0,147,11,1
21/02/2019,16:02,2,1888,11,2
21/02/2019,16:16,6,2471,4,1
22/02/2019,09:34,6,0,10,4
22/02/2019,09:50,6,1972,5,1
22/02/2019,10:08,6,1970,5,2
22/02/2019,10:23,4,2082,2,1
22/02/2019,10:39,4,2074,2,2
22/02/2019,11:17,4,2074,8,2
22/02/2019,11:34,5,2097,1,1
22/02/2019,12:02,1,2690,3,1
22/02/2019,12:27,1,2690,3,1
22/02/2019,12:47,1,2056,9,4
22/02/2019,14:47,2,2056,10,6
22/02/2019,15:06,2,1932,11,3
22/02/2019,15:19,2,2110,10,5
22/02/2019,15:42,2,2110,11,4
22/02/2019,15:55,6,1469,4,1
23/02/2019,09:38,1,1161,10,6
23/02/2019,09:56,1,4017,3,2
23/02/2019,10:22,1,4017,3,1
23/02/2019,10:55,1,2536,9,3
23/02/2019,11:20,1,2540,9,4
23/02/2019,11:41,2,2099,11,1
23/02/2019,12:02,2,1597,11,2
25/02/2019,08:55,1,4042,3,1
25/02/2019,09:20,1,4029,3,2
25/02/2019,09:51,6,3935,4,1
25/02/2019,10:13,6,1957,10,4
25/02/2019,10:36,2,3980,7,1
25/02/2019,10:56,2,3980,10,5
25/02/2019,11:27,2,2078,10,6
25/02/2019,11:43,2,2068,11,1
25/02/2019,11:56,2,2068,11,2
25/02/2019,12:13,2,3068,11,3
25/02/2019,12:38,4,3068,8,2
25/02/2019,13:06,2,2515,11,4
25/02/2019,13:26,4,3965,2,2
25/02/2019,13:52,4,3965,2,1
25/02/2019,14:29,6,2545,7,2
25/02/2019,14:29,6,680,7,2
25/02/2019,14:48,6,1960,7,2
25/02/2019,15:04,2,1993,7,2
25/02/2019,15:22,5,3974,1,1
25/02/2019,15:47,1,2195,9,4
26/02/2019,09:10,6,2195,4,1
26/02/2019,09:32,3,3990,3,1
26/02/2019,09:52,3,3991,3,2
26/02/2019,10:16,2,3991,11,1
26/02/2019,10:40,3,2097,9,4
26/02/2019,10:59,2,2120,10,5
26/02/2019,11:20,2,2111,7,1
26/02/2019,11:49,2,2111,7,2
26/02/2019,12:30,4,2058,2,1
26/02/2019,12:50,2,2027,11,4
26/02/2019,13:38,4,2027,2,2
26/02/2019,14:49,2,2130,11,2
26/02/2019,15:10,2,2130,11,3
27/02/2019,09:16,3,4005,3,1
27/02/2019,09:37,3,3983,3,2
27/02/2019,10:00,6,2067,4,1
27/02/2019,10:45,6,1968,10,4
27/02/2019,11:43,4,1968,8,2
27/02/2019,12:28,5,3043,1,1
27/02/2019,16:01,2,2115,10,5
27/02/2019,16:20,2,2029,10,6
28/02/2019,09:02,2,2029,7,1
28/02/2019,09:15,2,2108,7,2
28/02/2019,09:31,2,2108,11,2
28/02/2019,09:43,6,2088,5,1
28/02/2019,10:02,6,2067,5,2
28/02/2019,10:25,3,3976,5,2
28/02/2019,12:17,3,3976,3,2
28/02/2019,12:42,3,2085,9,4
28/02/2019,13:01,6,2057,4,1
28/02/2019,13:15,2,2073,11,3
28/02/2019,13:34,2,2073,11,1
28/02/2019,15:08,3,2012,11,1
01/03/2019,09:08,6,2062,4,1
01/03/2019,09:25,3,2062,3,1
01/03/2019,09:47,3,4028,3,2
01/03/2019,10:13,3,4028,9,4
01/03/2019,10:32,4,2084,2,1
01/03/2019,10:51,4,2084,2,2
01/03/2019,11:12,4,3047,8,2
01/03/2019,11:43,6,1960,10,4
01/03/2019,12:16,2,2024,10,5
01/03/2019,12:39,2,1519,10,6
01/03/2019,13:03,2,1519,11,2
01/03/2019,13:23,2,2126,11,3
01/03/2019,14:51,2,3089,11,4
01/03/2019,15:16,2,2027,7,1
02/03/2019,09:44,1,4120,3,1
02/03/2019,10:04,1,4068,3,2
02/03/2019,10:24,1,2166,9,4
02/03/2019,10:40,1,2065,10,6
02/03/2019,11:04,1,2065,11,1
02/03/2019,11:23,6,2033,4,1
02/03/2019,11:54,2,2156,11,4
02/03/2019,12:14,1,2148,3,1
04/03/2019,08:51,1,2148,3,1
04/03/2019,09:12,1,4033,3,2
04/03/2019,09:34,1,4033,11,1
04/03/2019,09:45,6,2135,4,1
04/03/2019,10:00,6,2052,5,1
04/03/2019,10:17,6,2052,5,2
04/03/2019,10:30,2,2121,10,5
04/03/2019,10:54,2,2119,10,6
04/03/2019,11:52,2,4010,11,3
04/03/2019,12:10,2,4010,7,1
04/03/2019,12:22,2,2075,7,2
04/03/2019,12:33,2,1996,11,2
04/03/2019,12:44,4,1926,2,1
04/03/2019,13:01,4,1926,2,1
04/03/2019,13:50,4,2060,2,2
04/03/2019,14:53,4,3943,8,2
04/03/2019,15:16,5,3986,1,1
04/03/2019,15:46,2,3977,10,6
05/03/2019,09:49,3,1990,3,1
05/03/2019,10:09,3,3985,3,2
05/03/2019,10:38,6,2057,4,1
05/03/2019,11:03,2,2101,10,5
05/03/2019,11:48,3,2044,11,1
06/03/2019,09:50,1,2044,3,1
06/03/2019,10:13,1,4046,3,2
06/03/2019,10:41,1,2151,11,2
06/03/2019,10:53,1,1940,11,1
06/03/2019,11:35,6,7,4,1
06/03/2019,12:13,4,2052,2,1
06/03/2019,12:28,4,2052,2,2
06/03/2019,12:51,4,2050,8,2
06/03/2019,13:19,2,2163,11,3
06/03/2019,13:39,2,2152,11,4
06/03/2019,13:51,2,1935,7,1
06/03/2019,14:48,2,1940,7,2
07/03/2019,09:28,6,1940,5,1
07/03/2019,09:40,6,2091,5,2
07/03/2019,09:54,2,2132,10,5
07/03/2019,10:16,1,2132,11,1
07/03/2019,10:29,1,2149,11,2
07/03/2019,10:46,1,2149,3,1
07/03/2019,11:07,1,4036,3,2
07/03/2019,11:29,2,4003,10,5
07/03/2019,11:51,2,1821,11,3
07/03/2019,12:08,2,1821,11,4
07/03/2019,12:30,5,3977,1,1
08/03/2019,09:08,2,2112,7,1
08/03/2019,09:28,2,2090,7,2
08/03/2019,09:43,6,2087,4,1
08/03/2019,10:19,3,2079,3,1
08/03/2019,10:30,3,2079,3,2
08/03/2019,10:49,3,3985,3,1
08/03/2019,11:16,2,2103,10,6
08/03/2019,12:12,4,2080,2,1
08/03/2019,12:37,4,2080,2,2
08/03/2019,13:07,4,3127,8,2
08/03/2019,13:31,3,1589,11,1
08/03/2019,14:41,3,1071,11,2
08/03/2019,14:46,1,1071,11,2
08/03/2019,15:00,2,674,11,3
08/03/2019,15:20,2,2122,11,4
08/03/2019,15:33,1,1934,3,1
08/03/2019,15:52,1,2162,3,2
09/03/2019,09:14,2,2116,10,5
09/03/2019,09:39,6,2097,4,1
09/03/2019,09:54,2,2120,7,1
09/03/2019,10:07,6,2120,5,1
09/03/2019,10:22,6,2053,5,2
09/03/2019,10:43,1,2053,3,1
09/03/2019,10:58,1,2128,3,2
09/03/2019,11:22,2,3480,9,1
09/03/2019,11:43,2,3480,9,2
09/03/2019,11:51,6,2004,9,2
11/03/2019,08:55,1,4029,3,1
11/03/2019,09:21,1,4084,3,2
11/03/2019,09:39,1,4084,11,1
11/03/2019,09:58,1,4062,11,2
11/03/2019,10:16,2,2004,11,2
11/03/2019,10:26,1,2004,11,3
11/03/2019,10:43,2,3110,11,4
11/03/2019,10:59,2,3110,10,5
11/03/2019,11:18,2,2099,10,6
11/03/2019,11:41,2,2112,9,1
11/03/2019,11:56,2,2104,9,2
11/03/2019,12:11,2,2121,7,1
11/03/2019,12:30,2,2104,7,2
11/03/2019,12:44,6,2059,4,1
11/03/2019,13:24,5,4004,1,1
11/03/2019,14:43,4,3194,2,1
11/03/2019,15:04,4,3145,8,2
11/03/2019,15:29,4,2182,2,2
12/03/2019,09:29,1,2182,11,1
12/03/2019,09:42,1,2158,11,2
12/03/2019,10:02,6,2158,4,1
12/03/2019,10:21,1,4037,3,1
12/03/2019,10:59,1,4037,3,2
12/03/2019,11:11,3,1225,3,2
13/03/2019,10:14,3,4007,3,2
13/03/2019,11:18,3,4013,3,1
13/03/2019,12:16,3,3123,11,3
13/03/2019,15:07,6,3123,4,1
13/03/2019,15:20,6,2056,5,1
13/03/2019,15:36,6,2071,5,2
13/03/2019,15:49,4,2126,2,1
13/03/2019,16:11,4,2126,2,2
